<?xml version="1.0" encoding="UTF-8"?>
<!-- Generated by org.testng.reporters.JUnitReportReporter -->
<testsuite name="firsttestngpackage.Multibrowser" tests="3" time="24.453" ignored="0" failures="0" timestamp="31 Jan 2017 18:28:50 GMT" skipped="0" hostname="ASEN-D-AD023" errors="0">
  <testcase name="firefox" time="14.582" classname="firsttestngpackage.Multibrowser"/>
  <testcase name="openpage" time="7.433" classname="firsttestngpackage.Multibrowser"/>
  <testcase name="ie" time="2.438" classname="firsttestngpackage.Multibrowser"/>
</testsuite> <!-- firsttestngpackage.Multibrowser -->
